<?xml version="1.0" encoding="UTF-8"?>
<testsuite xmlns:xsi="http://www.w3.org/2001/XMLSchema-instance" xsi:noNamespaceSchemaLocation="https://maven.apache.org/surefire/maven-surefire-plugin/xsd/surefire-test-report-3.0.xsd" version="3.0" name="AppTest" time="0.076" tests="3" errors="0" skipped="0" failures="0">
  <properties>
[...]
</properties>
  <testcase name="testStockAddition" classname="AppTest" time="0.036"/>
  <testcase name="testNegativeStockPrevention" classname="AppTest" time="0.006"/>
  <testcase name="testStockRemoval" classname="AppTest" time="0.0"/>
</testsuite>